<?xml version="1.0" encoding="UTF-8"?>
<!-- Generated by org.testng.reporters.JUnitXMLReporter -->
<testsuite ignored="2" hostname="DESKTOP-8DBLLD3" failures="0" tests="2" name="Surefire test" time="4.502" errors="0" timestamp="2022-02-18T14:18:10 IST">
  <testcase classname="tests.HomePageTestCase" name="signInLink" time="1.882"/>
  <testcase classname="tests.HomePageTestCase" name="loginTest" time="2.464"/>
  <testcase classname="tests.BaseTest" name="@BeforeSuite setup" time="0.0">
    <ignored/>
  </testcase> <!-- @BeforeSuite setup -->
  <testcase classname="tests.BaseTest" name="@AfterSuite teardown" time="0.0">
    <ignored/>
  </testcase> <!-- @AfterSuite teardown -->
</testsuite> <!-- Surefire test -->
