<?xml version="1.0" encoding="UTF-8"?>
<!-- Generated by org.testng.reporters.JUnitXMLReporter -->
<testsuite ignored="0" hostname="DESKTOP-8DBLLD3" failures="0" tests="6" name="Default test" time="0.237" errors="0" timestamp="2022-02-24T22:38:08 IST">
  <testcase classname="test3.TestNGDataProviderExample" name="loginAgeTest" time="0.066"/>
  <testcase classname="test3.TestNGDataProviderExample" name="loginAgeTest" time="0.009"/>
  <testcase classname="test3.TestNGDataProviderExample" name="loginAgeTest" time="0.001"/>
  <testcase classname="test3.TestNGDataProviderExample" name="loginTest" time="0.002"/>
  <testcase classname="test3.TestNGDataProviderExample" name="loginTest" time="0.003"/>
  <testcase classname="test3.TestNGDataProviderExample" name="loginTest" time="0.008"/>
</testsuite> <!-- Default test -->
