<?xml version="1.0" encoding="UTF-8"?>
<!-- Generated by org.testng.reporters.JUnitXMLReporter -->
<testsuite ignored="0" hostname="DESKTOP-8DBLLD3" failures="0" tests="4" name="Default test" time="0.131" errors="0" timestamp="2022-02-24T22:53:09 IST">
  <testcase classname="test3.TestNGGroupExample" name="test1" time="0.013"/>
  <testcase classname="test3.TestNGGroupExample" name="test2" time="0.003"/>
  <testcase classname="test3.TestNGGroupExample" name="test3" time="0.002"/>
  <testcase classname="test3.TestNGGroupExample" name="test4" time="0.004"/>
</testsuite> <!-- Default test -->
