<?xml version="1.0" encoding="UTF-8"?>
<testng-results ignored="0" total="3" passed="3" failed="0" skipped="0">
  <reporter-output>
  </reporter-output>
  <suite started-at="2022-02-18T15:59:24 IST" name="TestNG Suits" finished-at="2022-02-18T15:59:59 IST" duration-ms="35489">
    <groups>
    </groups>
    <test started-at="2022-02-18T15:59:24 IST" name="HomePage" finished-at="2022-02-18T15:59:59 IST" duration-ms="35489">
      <class name="tests.HomePageTestCase">
        <test-method is-config="true" signature="setup()[pri:0, instance:tests.HomePageTestCase@4ac3c60d]" started-at="2022-02-18T15:59:24 IST" name="setup" finished-at="2022-02-18T15:59:33 IST" duration-ms="9452" status="PASS">
          <reporter-output>
          </reporter-output>
        </test-method> <!-- setup -->
        <test-method signature="signInLink()[pri:1, instance:tests.HomePageTestCase@4ac3c60d]" started-at="2022-02-18T15:59:33 IST" name="signInLink" finished-at="2022-02-18T15:59:34 IST" duration-ms="960" status="PASS">
          <reporter-output>
          </reporter-output>
        </test-method> <!-- signInLink -->
        <test-method signature="loginTest()[pri:2, instance:tests.HomePageTestCase@4ac3c60d]" started-at="2022-02-18T15:59:34 IST" name="loginTest" finished-at="2022-02-18T15:59:38 IST" duration-ms="3516" status="PASS">
          <reporter-output>
          </reporter-output>
        </test-method> <!-- loginTest -->
        <test-method is-config="true" signature="teardown()[pri:0, instance:tests.HomePageTestCase@4ac3c60d]" started-at="2022-02-18T15:59:38 IST" name="teardown" finished-at="2022-02-18T15:59:38 IST" duration-ms="407" status="PASS">
          <reporter-output>
          </reporter-output>
        </test-method> <!-- teardown -->
      </class> <!-- tests.HomePageTestCase -->
      <class name="tests.HotelPageTestClass">
        <test-method is-config="true" signature="setup()[pri:0, instance:tests.HotelPageTestClass@31c88ec8]" started-at="2022-02-18T15:59:38 IST" name="setup" finished-at="2022-02-18T15:59:47 IST" duration-ms="8838" status="PASS">
          <reporter-output>
          </reporter-output>
        </test-method> <!-- setup -->
        <test-method signature="searchHotel()[pri:0, instance:tests.HotelPageTestClass@31c88ec8]" started-at="2022-02-18T15:59:47 IST" name="searchHotel" finished-at="2022-02-18T15:59:58 IST" duration-ms="10765" status="PASS">
          <reporter-output>
          </reporter-output>
        </test-method> <!-- searchHotel -->
        <test-method is-config="true" signature="teardown()[pri:0, instance:tests.HotelPageTestClass@31c88ec8]" started-at="2022-02-18T15:59:58 IST" name="teardown" finished-at="2022-02-18T15:59:59 IST" duration-ms="1487" status="PASS">
          <reporter-output>
          </reporter-output>
        </test-method> <!-- teardown -->
      </class> <!-- tests.HotelPageTestClass -->
    </test> <!-- HomePage -->
  </suite> <!-- TestNG Suits -->
</testng-results>
