<?xml version="1.0" encoding="UTF-8"?>
<testng-results ignored="2" total="4" passed="2" failed="0" skipped="0">
  <reporter-output>
  </reporter-output>
  <suite started-at="2022-02-18T14:18:05 IST" name="Surefire suite" finished-at="2022-02-18T14:18:10 IST" duration-ms="4502">
    <groups>
    </groups>
    <test started-at="2022-02-18T14:18:05 IST" name="Surefire test" finished-at="2022-02-18T14:18:10 IST" duration-ms="4502">
      <class name="tests.BaseTest">
        <test-method is-config="true" signature="setup()[pri:0, instance:tests.BaseTest@60611244]" started-at="2022-02-18T14:17:46 IST" name="setup" finished-at="2022-02-18T14:18:05 IST" duration-ms="19269" status="PASS">
          <reporter-output>
          </reporter-output>
        </test-method> <!-- setup -->
        <test-method is-config="true" signature="teardown()[pri:0, instance:tests.BaseTest@60611244]" started-at="2022-02-18T14:18:10 IST" name="teardown" finished-at="2022-02-18T14:18:10 IST" duration-ms="0" status="PASS">
          <reporter-output>
          </reporter-output>
        </test-method> <!-- teardown -->
      </class> <!-- tests.BaseTest -->
      <class name="tests.HomePageTestCase">
        <test-method signature="signInLink()[pri:1, instance:tests.HomePageTestCase@2fd6b6c7]" started-at="2022-02-18T14:18:05 IST" name="signInLink" finished-at="2022-02-18T14:18:07 IST" duration-ms="1882" status="PASS">
          <reporter-output>
          </reporter-output>
        </test-method> <!-- signInLink -->
        <test-method signature="loginTest()[pri:2, instance:tests.HomePageTestCase@2fd6b6c7]" started-at="2022-02-18T14:18:07 IST" name="loginTest" finished-at="2022-02-18T14:18:10 IST" duration-ms="2464" status="PASS">
          <reporter-output>
          </reporter-output>
        </test-method> <!-- loginTest -->
      </class> <!-- tests.HomePageTestCase -->
    </test> <!-- Surefire test -->
  </suite> <!-- Surefire suite -->
</testng-results>
