<?xml version="1.0" encoding="UTF-8"?>
<!-- Generated by org.testng.reporters.JUnitXMLReporter -->
<testsuite ignored="0" hostname="DESKTOP-8DBLLD3" failures="0" tests="3" name="HomePage" time="30.955" errors="0" timestamp="2022-02-18T16:05:00 IST">
  <testcase classname="tests.HomePageTestCase" name="signInLink" time="1.207"/>
  <testcase classname="tests.HomePageTestCase" name="loginTest" time="4.411"/>
  <testcase classname="tests.HotelPageTestClass" name="searchHotel" time="6.096"/>
</testsuite> <!-- HomePage -->
