<?xml version="1.0" encoding="UTF-8"?>
<!-- Generated by org.testng.reporters.JUnitXMLReporter -->
<testsuite ignored="0" hostname="DESKTOP-8DBLLD3" failures="0" tests="3" name="HomePage" time="35.489" errors="0" timestamp="2022-02-18T15:59:59 IST">
  <testcase classname="tests.HomePageTestCase" name="signInLink" time="0.96"/>
  <testcase classname="tests.HomePageTestCase" name="loginTest" time="3.516"/>
  <testcase classname="tests.HotelPageTestClass" name="searchHotel" time="10.765"/>
</testsuite> <!-- HomePage -->
