<?xml version="1.0" encoding="UTF-8"?>
<testng-results ignored="0" total="1" passed="1" failed="0" skipped="0">
  <reporter-output>
  </reporter-output>
  <suite started-at="2022-02-16T18:28:15 IST" name="Default suite" finished-at="2022-02-16T18:28:23 IST" duration-ms="8345">
    <groups>
    </groups>
    <test started-at="2022-02-16T18:28:15 IST" name="Default test" finished-at="2022-02-16T18:28:23 IST" duration-ms="8345">
      <class name="tests.HotelPageTestClass">
        <test-method is-config="true" signature="setup()[pri:0, instance:tests.HotelPageTestClass@6adbc9d]" started-at="2022-02-16T18:28:02 IST" name="setup" finished-at="2022-02-16T18:28:15 IST" duration-ms="13209" status="PASS">
          <reporter-output>
          </reporter-output>
        </test-method> <!-- setup -->
        <test-method signature="searchHotel()[pri:0, instance:tests.HotelPageTestClass@6adbc9d]" started-at="2022-02-16T18:28:15 IST" name="searchHotel" finished-at="2022-02-16T18:28:23 IST" duration-ms="8246" status="PASS">
          <reporter-output>
          </reporter-output>
        </test-method> <!-- searchHotel -->
        <test-method is-config="true" signature="teardown()[pri:0, instance:tests.HotelPageTestClass@6adbc9d]" started-at="2022-02-16T18:28:24 IST" name="teardown" finished-at="2022-02-16T18:28:24 IST" duration-ms="0" status="PASS">
          <reporter-output>
          </reporter-output>
        </test-method> <!-- teardown -->
      </class> <!-- tests.HotelPageTestClass -->
    </test> <!-- Default test -->
  </suite> <!-- Default suite -->
</testng-results>
